<?xml version="1.0" encoding="UTF-8"?>
<!-- Generated by org.testng.reporters.JUnitReportReporter -->
<testsuite skipped="0" hostname="DESKTOP-2715SLO" name="kumaranqa.AppiumTest" tests="2" failures="0" timestamp="2020-04-14T14:44:38 IST" time="0.006" errors="0">
  <testcase name="NativeApp" time="0.003" classname="kumaranqa.AppiumTest"/>
  <system-out/>
  <testcase name="IosApp" time="0.003" classname="kumaranqa.AppiumTest"/>
  <system-out/>
</testsuite> <!-- kumaranqa.AppiumTest -->
