<?xml version="1.0" encoding="UTF-8"?>
<!-- Generated by org.testng.reporters.JUnitReportReporter -->
<testsuite skipped="0" hostname="DESKTOP-2715SLO" name="kumaranqa.SeleniumTest" tests="2" failures="0" timestamp="2020-04-15T08:52:07 IST" time="0.006" errors="0">
  <testcase name="SeleniumTest1" time="0.006" classname="kumaranqa.SeleniumTest"/>
  <system-out/>
  <testcase name="SeleniumTest2" time="0.000" classname="kumaranqa.SeleniumTest"/>
  <system-out/>
</testsuite> <!-- kumaranqa.SeleniumTest -->
