<?xml version="1.0" encoding="UTF-8"?>
<!-- Generated by org.testng.reporters.JUnitReportReporter -->
<testsuite skipped="0" hostname="DESKTOP-2715SLO" name="kumaranqa.AppiumTest" tests="2" failures="0" timestamp="2020-04-15T08:51:37 IST" time="0.001" errors="0">
  <testcase name="IosApp" time="0.000" classname="kumaranqa.AppiumTest"/>
  <system-out/>
  <testcase name="NativeApp" time="0.001" classname="kumaranqa.AppiumTest"/>
  <system-out/>
</testsuite> <!-- kumaranqa.AppiumTest -->
