<?xml version="1.0" encoding="UTF-8"?>
<!-- Generated by org.testng.reporters.JUnitReportReporter -->
<testsuite skipped="0" hostname="DESKTOP-2715SLO" name="kumaranqa.RestAPITest" tests="2" failures="0" timestamp="2020-04-15T08:52:07 IST" time="0.001" errors="0">
  <testcase name="RestAPI1" time="0.001" classname="kumaranqa.RestAPITest"/>
  <system-out/>
  <testcase name="RestAPI2" time="0.000" classname="kumaranqa.RestAPITest"/>
  <system-out/>
</testsuite> <!-- kumaranqa.RestAPITest -->
